Starting...
Setup M3 CAN
Setup HV CAN
Setup BRZ CAN
Setup L9026 output drivers
Getting Chip ID for 2 devices
Device 0 ID: 00
ERROR: Failed to initialize L9026 output drivers
Skipping L9026 configuration (device not initialized)
Setup L9966 input driver
L9966 address mismatch: 00 != 04
L9966 parity mismatch
ERROR: Failed to initialize L9966 input driver
Skipping L9966 configuration (device not initialized)
Creating FreeRTOS tasks...
FreeRTOS tasks created!
Starting scheduler...
L9966 address mismatch: 00 != 81
L9966 parity mismatch
L9966 address mismatch: 00 != 83
L9966 parity mismatch
L9966 address mismatch: 00 != 81
L9966 parity mismatch
L9966 address mismatch: 00 != 83
L9966 parity mismatch
L9966 address mismatch: 00 != 81
L9966 parity mismatch
L9966 address mismatch: 00 != 83
L9966 parity mismatch
L9966 address mismatch: 00 != 81
L9966 parity mismatch
L9966 address mismatch: 00 != 83
L9966 parity mismatch
L9966 address mismatch: 00 != 81
L9966 parity mismatch
L9966 address mismatch: 00 != 83
L9966 parity mismatch
L9966 address mismatch: 00 != 81
L9966 parity mismatch
L9966 address mismatch: 00 != 83
L9966 parity mismatch
L9966 address mismatch: 00 != 81
L9966 parity mismatch
L9966 address mismatch: 00 != 83
L9966 parity mismatch
L9966 address mismatch: 00 != 81
L9966 parity mismatch
L9966 address mismatch: 00 != 83
L9966 parity mismatch
L9966 address mismatch: 00 != 81
L9966 parity mismatch
L9966 address mismatch: 00 != 83
L9966 parity mismatch
L9966 address mismatch: 00 != 81
L9966 parity mismatch
L9966 address mismatch: 00 != 83
L9966 parity mismatch
L9966 address mismatch: 00 != 81
L9966 parity mismatch
L9966 address mismatch: 00 != 83
L9966 parity mismatch
L9966 address mismatch: 00 != 81
L9966 parity mismatch
L9966 address mismatch: 00 != 83
L9966 parity mismatch
L9966 address mismatch: 00 != 81
L9966 parity mismatch
L9966 address mismatch: 00 != 83
L9966 parity mismatch
L9966 address mismatch: 00 != 81
L9966 parity mismatch
L9966 address mismatch: 00 != 83
L9966 parity mismatch
L9966 address mismatch: 00 != 81
L9966 parity mismatch
L9966 address mismatch: 00 != 83
L9966 parity mismatch
L9966 address mismatch: 00 != 81
L9966 parity mismatch
L9966 address mismatch: 00 != 83
L9966 parity mismatch
L9966 address mismatch: 00 != 81
L9966 parity mismatch
L9966 address mismatch: 00 != 83
L9966 parity mismatch
L9966 address mismatch: 00 != 81
L9966 parity mismatch
L9966 address mismatch: 00 != 83
L9966 parity mismatch
L9966 address mismatch: 00 != 81
L9966 parity mismatch
L9966 address mismatch: 00 != 83
L9966 parity mismatch
L9966 address mismatch: 00 != 81
L9966 parity mismatch
L9966 address mismatch: 00 != 83
L9966 parity mismatch
L9966 address mismatch: 00 != 81
L9966 parity mismatch
L9966 address mismatch: 00 != 83
L9966 parity mismatch
L9966 address mismatch: 00 != 81
L9966 parity mismatch
L9966 address mismatch: 00 != 83
L9966 parity mismatch
L9966 address mismatch: 00 != 81
L9966 parity mismatch
L9966 address mismatch: 00 != 83
L9966 parity mismatch
L9966 address mismatch: 00 != 81
L9966 parity mismatch
L9966 address mismatch: 00 != 83
L9966 parity mismatch
L9966 address mismatch: 00 != 81
L9966 parity mismatch
L9966 address mismatch: 00 != 83
L9966 parity mismatch
L9966 address mismatch: 00 != 81
L9966 parity mismatch
L9966 address mismatch: 00 != 83
L9966 parity mismatch
L9966 address mismatch: 00 != 81
L9966 parity mismatch
L9966 address mismatch: 00 != 83
L9966 parity mismatch
L9966 address mismatch: 00 != 81
L9966 parity mismatch
L9966 address mismatch: 00 != 83
L9966 parity mismatch
L9966 address mismatch: 00 != 81
L9966 parity mismatch
L9966 address mismatch: 00 != 83
L9966 parity mismatch
L9966 address mismatch: 00 != 81
L9966 parity mismatch
L9966 address mismatch: 00 != 83
L9966 parity mismatch
L9966 address mismatch: 00 != 81
L9966 parity mismatch
L9966 address mismatch: 00 != 83
L9966 parity mismatch
L9966 address mismatch: 00 != 81
L9966 parity mismatch
L9966 address mismatch: 00 != 83
L9966 parity mismatch
L9966 address mismatch: 00 != 81
L9966 parity mismatch
L9966 address mismatch: 00 != 83
L9966 parity mismatch
L9966 address mismatch: 00 != 81
L9966 parity mismatch
L9966 address mismatch: 00 != 83
L9966 parity mismatch
L9966 address mismatch: 00 != 81
L9966 parity mismatch
L9966 address mismatch: 00 != 83
L9966 parity mismatch
L9966 address mismatch: 00 != 81
L9966 parity mismatch
L9966 address mismatch: 00 != 83
L9966 parity mismatch
L9966 address mismatch: 00 != 81
L9966 parity mismatch
L9966 address mismatch: 00 != 83
L9966 parity mismatch
L9966 address mismatch: 00 != 81
L9966 parity mismatch
L9966 address mismatch: 00 != 83
L9966 parity mismatch
L9966 address mismatch: 00 != 81
L9966 parity mismatch
L9966 address mismatch: 00 != 83
L9966 parity mismatch
L9966 address mismatch: 00 != 81
L9966 parity mismatch
L9966 address mismatch: 00 != 83
L9966 parity mismatch
L9966 address mismatch: 00 != 81
L9966 parity mismatch
L9966 address mismatch: 00 != 83
L9966 parity mismatch
L9966 address mismatch: 00 != 81
L9966 parity mismatch
L9966 address mismatch: 00 != 83
L9966 parity mismatch
L9966 address mismatch: 00 != 81
L9966 parity mismatch
L9966 address mismatch: 00 != 83
L9966 parity mismatch
L9966 address mismatch: 00 != 81
L9966 parity mismatch
L9966 address mismatch: 00 != 83
L9966 parity mismatch
L9966 address mismatch: 00 != 81
L9966 parity mismatch
L9966 address mismatch: 00 != 83
L9966 parity mismatch
L9966 address mismatch: 00 != 81
L9966 parity mismatch
L9966 address mismatch: 00 != 83
L9966 parity mismatch
L9966 address mismatch: 00 != 81
L9966 parity mismatch
L9966 address mismatch: 00 != 83
L9966 parity mismatch
L9966 address mismatch: 00 != 81
L9966 parity mismatch
L9966 address mismatch: 00 != 83
L9966 parity mismatch
L9966 address mismatch: 00 != 81
L9966 parity mismatch
L9966 address mismatch: 00 != 83
L9966 parity mismatch
L9966 address mismatch: 00 != 81
L9966 parity mismatch
L9966 address mismatch: 00 != 83
L9966 parity mismatch
L9966 address mismatch: 00 != 81
L9966 parity mismatch
L9966 address mismatch: 00 != 83
L9966 parity mismatch
L9966 address mismatch: 00 != 81
L9966 parity mismatch
L9966 address mismatch: 00 != 83
L9966 parity mismatch
L9966 address mismatch: 00 != 81
L9966 parity mismatch
L9966 address mismatch: 00 != 83
L9966 parity mismatch
L9966 address mismatch: 00 != 81
L9966 parity mismatch
L9966 address mismatch: 00 != 83
L9966 parity mismatch
L9966 address mismatch: 00 != 81
L9966 parity mismatch
L9966 address mismatch: 00 != 83
L9966 parity mismatch
L9966 address mismatch: 00 != 81
L9966 parity mismatch
L9966 address mismatch: 00 != 83
L9966 parity mismatch
L9966 address mismatch: 00 != 81
L9966 parity mismatch
L9966 address mismatch: 00 != 83
L9966 parity mismatch
L9966 address mismatch: 00 != 81
L9966 parity mismatch
L9966 address mismatch: 00 != 83
L9966 parity mismatch
L9966 address mismatch: 00 != 81
L9966 parity mismatch
L9966 address mismatch: 00 != 83
L9966 parity mismatch
L9966 address mismatch: 00 != 81
L9966 parity mismatch
L9966 address mismatch: 00 != 83
L9966 parity mismatch
L9966 address mismatch: 00 != 81
L9966 parity mismatch
L9966 address mismatch: 00 != 83
L9966 parity mismatch
L9966 address mismatch: 00 != 81
L9966 parity mismatch
L9966 address mismatch: 00 != 83
L9966 parity mismatch
L9966 address mismatch: 00 != 81
L9966 parity mismatch
L9966 address mismatch: 00 != 83
L9966 parity mismatch
L9966 address mismatch: 00 != 81
L9966 parity mismatch
L9966 address mismatch: 00 != 83
L9966 parity mismatch
L9966 address mismatch: 00 != 81
L9966 parity mismatch
L9966 address mismatch: 00 != 83
L9966 parity mismatch
L9966 address mismatch: 00 != 81
L9966 parity mismatch
L9966 address mismatch: 00 != 83
L9966 parity mismatch
L9966 address mismatch: 00 != 81
L9966 parity mismatch
L9966 address mismatch: 00 != 83
L9966 parity mismatch
L9966 address mismatch: 00 != 81
L9966 parity mismatch
L9966 address mismatch: 00 != 83
L9966 parity mismatch
L9966 address mismatch: 00 != 81
L9966 parity mismatch
L9966 address mismatch: 00 != 83
L9966 parity mismatch
L9966 address mismatch: 00 != 81
L9966 parity mismatch
L9966 address mismatch: 00 != 83
L9966 parity mismatch
L9966 address mismatch: 00 != 81
L9966 parity mismatch
L9966 address mismatch: 00 != 83
L9966 parity mismatch
L9966 address mismatch: 00 != 81
L9966 parity mismatch
L9966 address mismatch: 00 != 83
L9966 parity mismatch
L9966 address mismatch: 00 != 81
L9966 parity mismatch
L9966 address mismatch: 00 != 83
L9966 parity mismatch
L9966 address mismatch: 00 != 81
L9966 parity mismatch
L9966 address mismatch: 00 != 83
L9966 parity mismatch
L9966 address mismatch: 00 != 81
L9966 parity mismatch
L9966 address mismatch: 00 != 83
L9966 parity mismatch
L9966 address mismatch: 00 != 81
L9966 parity mismatch
L9966 address mismatch: 00 != 83
L9966 parity mismatch
L9966 address mismatch: 00 != 81
L9966 parity mismatch
L9966 address mismatch: 00 != 83
L9966 parity mismatch
L9966 address mismatch: 00 != 81
L9966 parity mismatch
L9966 address mismatch: 00 != 83
L9966 parity mismatch
L9966 address mismatch: 00 != 81
L9966 parity mismatch
L9966 address mismatch: 00 != 83
L9966 parity mismatch
L9966 address mismatch: 00 != 81
L9966 parity mismatch
L9966 address mismatch: 00 != 83
L9966 parity mismatch
L9966 address mismatch: 00 != 81
L9966 parity mismatch
L9966 address mismatch: 00 != 83
L9966 parity mismatch
L9966 address mismatch: 00 != 81
L9966 parity mismatch
L9966 address mismatch: 00 != 83
L9966 parity mismatch
L9966 address mismatch: 00 != 81
L9966 parity mismatch
L9966 address mismatch: 00 != 83
L9966 parity mismatch
L9966 address mismatch: 00 != 81
L9966 parity mismatch
L9966 address mismatch: 00 != 83
L9966 parity mismatch
L9966 address mismatch: 00 != 81
L9966 parity mismatch
L9966 address mismatch: 00 != 83
L9966 parity mismatch
L9966 address mismatch: 00 != 81
L9966 parity mismatch
L9966 address mismatch: 00 != 83
L9966 parity mismatch
L9966 address mismatch: 00 != 81
L9966 parity mismatch
L9966 address mismatch: 00 != 83
L9966 parity mismatch
L9966 address mismatch: 00 != 81
L9966 parity mismatch
L9966 address mismatch: 00 != 83
L9966 parity mismatch
L9966 address mismatch: 00 != 81
L9966 parity mismatch
L9966 address mismatch: 00 != 83
L9966 parity mismatch
L9966 address mismatch: 00 != 81
L9966 parity mismatch
L9966 address mismatch: 00 != 83
L9966 parity mismatch
L9966 address mismatch: 00 != 81
L9966 parity mismatch
L9966 address mismatch: 00 != 83
L9966 parity mismatch
L9966 address mismatch: 00 != 81
L9966 parity mismatch
L9966 address mismatch: 00 != 83
L9966 parity mismatch
L9966 address mismatch: 00 != 81
L9966 parity mismatch
L9966 address mismatch: 00 != 83
L9966 parity mismatch
L9966 address mismatch: 00 != 81
L9966 parity mismatch
L9966 address mismatch: 00 != 83
L9966 parity mismatch
L9966 address mismatch: 00 != 81
L9966 parity mismatch
L9966 address mismatch: 00 != 83
L9966 parity mismatch
L9966 address mismatch: 00 != 81
L9966 parity mismatch
L9966 address mismatch: 00 != 83
L9966 parity mismatch
L9966 address mismatch: 00 != 81
L9966 parity mismatch
L9966 address mismatch: 00 != 83
L9966 parity mismatch
L9966 address mismatch: 00 != 81
L9966 parity mismatch
L9966 address mismatch: 00 != 83
L9966 parity mismatch
L9966 address mismatch: 00 != 81
L9966 parity mismatch
L9966 address mismatch: 00 != 83
L9966 parity mismatch
L9966 address mismatch: 00 != 81
L9966 parity mismatch
L9966 address mismatch: 00 != 83
L9966 parity mismatch
L9966 address mismatch: 00 != 81
L9966 parity mismatch
L9966 address mismatch: 00 != 83
L9966 parity mismatch
L9966 address mismatch: 00 != 81
L9966 parity mismatch
L9966 address mismatch: 00 != 83
L9966 parity mismatch
L9966 address mismatch: 00 != 81
L9966 parity mismatch
L9966 address mismatch: 00 != 83
L9966 parity mismatch
L9966 address mismatch: 00 != 81
L9966 parity mismatch
L9966 address mismatch: 00 != 83
L9966 parity mismatch
L9966 address mismatch: 00 != 81
L9966 parity mismatch
L9966 address mismatch: 00 != 83
L9966 parity mismatch
L9966 address mismatch: 00 != 81
L9966 parity mismatch
L9966 address mismatch: 00 != 83
L9966 parity mismatch
L9966 address mismatch: 00 != 81
L9966 parity mismatch
L9966 address mismatch: 00 != 83
L9966 parity mismatch
L9966 address mismatch: 00 != 81
L9966 parity mismatch
L9966 address mismatch: 00 != 83
L9966 parity mismatch
L9966 address mismatch: 00 != 81
L9966 parity mismatch
L9966 address mismatch: 00 != 83
L9966 parity mismatch
L9966 address mismatch: 00 != 81
L9966 parity mismatch
L9966 address mismatch: 00 != 83
L9966 parity mismatch
L9966 address mismatch: 00 != 81
L9966 parity mismatch
L9966 address mismatch: 00 != 83
L9966 parity mismatch
L9966 address mismatch: 00 != 81
L9966 parity mismatch
L9966 address mismatch: 00 != 83
L9966 parity mismatch
L9966 address mismatch: 00 != 81
L9966 parity mismatch
L9966 address mismatch: 00 != 83
L9966 parity mismatch
L9966 address mismatch: 00 != 81
L9966 parity mismatch
L9966 address mismatch: 00 != 83
L9966 parity mismatch
L9966 address mismatch: 00 != 81
L9966 parity mismatch
L9966 address mismatch: 00 != 83
L9966 parity mismatch
L9966 address mismatch: 00 != 81
L9966 parity mismatch
L9966 address mismatch: 00 != 83
L9966 parity mismatch
L9966 address mismatch: 00 != 81
L9966 parity mismatch
L9966 address mismatch: 00 != 83
L9966 parity mismatch
L9966 address mismatch: 00 != 81
L9966 parity mismatch
L9966 address mismatch: 00 != 83
L9966 parity mismatch
L9966 address mismatch: 00 != 81
L9966 parity mismatch
L9966 address mismatch: 00 != 83
L9966 parity mismatch
L9966 address mismatch: 00 != 81
L9966 parity mismatch
L9966 address mismatch: 00 != 83
L9966 parity mismatch
L9966 address mismatch: 00 != 81
L9966 parity mismatch
L9966 address mismatch: 00 != 83
L9966 parity mismatch
L9966 address mismatch: 00 != 81
L9966 parity mismatch
L9966 address mismatch: 00 != 83
L9966 parity mismatch
L9966 address mismatch: 00 != 81
L9966 parity mismatch
L9966 address mismatch: 00 != 83
L9966 parity mismatch
L9966 address mismatch: 00 != 81
L9966 parity mismatch
L9966 address mismatch: 00 != 83
L9966 parity mismatch
L9966 address mismatch: 00 != 81
L9966 parity mismatch
L9966 address mismatch: 00 != 83
L9966 parity mismatch
L9966 address mismatch: 00 != 81
L9966 parity mismatch
L9966 address mismatch: 00 != 83
L9966 parity mismatch
L9966 address mismatch: 00 != 81
L9966 parity mismatch
L9966 address mismatch: 00 != 83
L9966 parity mismatch
L9966 address mismatch: 00 != 81
L9966 parity mismatch
L9966 address mismatch: 00 != 83
L9966 parity mismatch
L9966 address mismatch: 00 != 81
L9966 parity mismatch
L9966 address mismatch: 00 != 83
L9966 parity mismatch
L9966 address mismatch: 00 != 81
L9966 parity mismatch
L9966 address mismatch: 00 != 83
L9966 parity mismatch
L9966 address mismatch: 00 != 81
L9966 parity mismatch
L9966 address mismatch: 00 != 83
L9966 parity mismatch
L9966 address mismatch: 00 != 81
L9966 parity mismatch
L9966 address mismatch: 00 != 83
L9966 parity mismatch
L9966 address mismatch: 00 != 81
L9966 parity mismatch
L9966 address mismatch: 00 != 83
L9966 parity mismatch
L9966 address mismatch: 00 != 81
L9966 parity mismatch
L9966 address mismatch: 00 != 83
L9966 parity mismatch
L9966 address mismatch: 00 != 81
L9966 parity mismatch
L9966 address mismatch: 00 != 83
L9966 parity mismatch
L9966 address mismatch: 00 != 81
L9966 parity mismatch
L9966 address mismatch: 00 != 83
L9966 parity mismatch
L9966 address mismatch: 00 != 81
L9966 parity mismatch
L9966 address mismatch: 00 != 83
L9966 parity mismatch
L9966 address mismatch: 00 != 81
L9966 parity mismatch
L9966 address mismatch: 00 != 83
L9966 parity mismatch
L9966 address mismatch: 00 != 81
L9966 parity mismatch
L9966 address mismatch: 00 != 83
L9966 parity mismatch
L9966 address mismatch: 00 != 81
L9966 parity mismatch
L9966 address mismatch: 00 != 83
L9966 parity mismatch
L9966 address mismatch: 00 != 81
L9966 parity mismatch
L9966 address mismatch: 00 != 83
L9966 parity mismatch
L9966 address mismatch: 00 != 81
L9966 parity mismatch
L9966 address mismatch: 00 != 83
L9966 parity mismatch
L9966 address mismatch: 00 != 81
L9966 parity mismatch
L9966 address mismatch: 00 != 83
L9966 parity mismatch
L9966 address mismatch: 00 != 81
L9966 parity mismatch
L9966 address mismatch: 00 != 83
L9966 parity mismatch
L9966 address mismatch: 00 != 81
L9966 parity mismatch
L9966 address mismatch: 00 != 83
L9966 parity mismatch
L9966 address mismatch: 00 != 81
L9966 parity mismatch
L9966 address mismatch: 00 != 83
L9966 parity mismatch
L9966 address mismatch: 00 != 81
L9966 parity mismatch
L9966 address mismatch: 00 != 83
L9966 parity mismatch
L9966 address mismatch: 00 != 81
L9966 parity mismatch
L9966 address mismatch: 00 != 83
L9966 parity mismatch
L9966 address mismatch: 00 != 81
L9966 parity mismatch
L9966 address mismatch: 00 != 83
L9966 parity mismatch
L9966 address mismatch: 00 != 81
L9966 parity mismatch
L9966 address mismatch: 00 != 83
L9966 parity mismatch
L9966 address mismatch: 00 != 81
L9966 parity mismatch
L9966 address mismatch: 00 != 83
L9966 parity mismatch
L9966 address mismatch: 00 != 81
L9966 parity mismatch
L9966 address mismatch: 00 != 83
L9966 parity mismatch
L9966 address mismatch: 00 != 81
L9966 parity mismatch
L9966 address mismatch: 00 != 83
L9966 parity mismatch
L9966 address mismatch: 00 != 81
L9966 parity mismatch
L9966 address mismatch: 00 != 83
L9966 parity mismatch
L9966 address mismatch: 00 != 81
L9966 parity mismatch
L9966 address mismatch: 00 != 83
L9966 parity mismatch
L9966 address mismatch: 00 != 81
L9966 parity mismatch
L9966 address mismatch: 00 != 83
L9966 parity mismatch
L9966 address mismatch: 00 != 81
L9966 parity mismatch
L9966 address mismatch: 00 != 83
L9966 parity mismatch
L9966 address mismatch: 00 != 81
L9966 parity mismatch
L9966 address mismatch: 00 != 83
L9966 parity mismatch
L9966 address mismatch: 00 != 81
L9966 parity mismatch
L9966 address mismatch: 00 != 83
L9966 parity mismatch
L9966 address mismatch: 00 != 81
L9966 parity mismatch
L9966 address mismatch: 00 != 83
L9966 parity mismatch
L9966 address mismatch: 00 != 81
L9966 parity mismatch
L9966 address mismatch: 00 != 83
L9966 parity mismatch
L9966 address mismatch: 00 != 81
L9966 parity mismatch
L9966 address mismatch: 00 != 83
L9966 parity mismatch
L9966 address mismatch: 00 != 81
L9966 parity mismatch
L9966 address mismatch: 00 != 83
L9966 parity mismatch
L9966 address mismatch: 00 != 81
L9966 parity mismatch
L9966 address mismatch: 00 != 83
L9966 parity mismatch
L9966 address mismatch: 00 != 81
L9966 parity mismatch
L9966 address mismatch: 00 != 83
L9966 parity mismatch
L9966 address mismatch: 00 != 81
L9966 parity mismatch
L9966 address mismatch: 00 != 83
L9966 parity mismatch
L9966 address mismatch: 00 != 81
L9966 parity mismatch
L9966 address mismatch: 00 != 83
L9966 parity mismatch
L9966 address mismatch: 00 != 81
L9966 parity mismatch
L9966 address mismatch: 00 != 83
L9966 parity mismatch
L9966 address mismatch: 00 != 81
L9966 parity mismatch
L9966 address mismatch: 00 != 83
L9966 parity mismatch
L9966 address mismatch: 00 != 81
L9966 parity mismatch
L9966 address mismatch: 00 != 83
L9966 parity mismatch
L9966 address mismatch: 00 != 81
L9966 parity mismatch
L9966 address mismatch: 00 != 83
L9966 parity mismatch
L9966 address mismatch: 00 != 81
L9966 parity mismatch
L9966 address mismatch: 00 != 83
L9966 parity mismatch
L9966 address mismatch: 00 != 81
L9966 parity mismatch
L9966 address mismatch: 00 != 83
L9966 parity mismatch
L9966 address mismatch: 00 != 81
L9966 parity mismatch
L9966 address mismatch: 00 != 83
L9966 parity mismatch
L9966 address mismatch: 00 != 81
L9966 parity mismatch
L9966 address mismatch: 00 != 83
L9966 parity mismatch
L9966 address mismatch: 00 != 81
L9966 parity mismatch
L9966 address mismatch: 00 != 83
L9966 parity mismatch
L9966 address mismatch: 00 != 81
L9966 parity mismatch
L9966 address mismatch: 00 != 83
L9966 parity mismatch
L9966 address mismatch: 00 != 81
L9966 parity mismatch
L9966 address mismatch: 00 != 83
L9966 parity mismatch
L9966 address mismatch: 00 != 81
L9966 parity mismatch
L9966 address mismatch: 00 != 83
L9966 parity mismatch
L9966 address mismatch: 00 != 81
L9966 parity mismatch
L9966 address mismatch: 00 != 83
L9966 parity mismatch
L9966 address mismatch: 00 != 81
L9966 parity mismatch
L9966 address mismatch: 00 != 83
L9966 parity mismatch
L9966 address mismatch: 00 != 81
L9966 parity mismatch
L9966 address mismatch: 00 != 83
L9966 parity mismatch
